<?xml version="1.0" encoding="UTF-8"?>
<!-- Generated by org.testng.reporters.JUnitReportReporter -->
<testsuite skipped="0" hostname="DENM00561076A" name="com.sap.selenium.hybris.test.Tut2TestNG" tests="1" failures="0" timestamp="24 Oct 2017 16:03:12 GMT" time="0.006" errors="0">
  <testcase name="f" time="0.006" classname="com.sap.selenium.hybris.test.Tut2TestNG"/>
</testsuite> <!-- com.sap.selenium.hybris.test.Tut2TestNG -->
