<?xml version="1.0" encoding="UTF-8"?>
<!-- Generated by org.testng.reporters.JUnitReportReporter -->
<testsuite skipped="0" hostname="DENM00561076A" name="com.sap.hybris.selenium.test.B2BUSA1" tests="2" failures="0" timestamp="31 Oct 2017 17:31:39 GMT" time="13.767" errors="0">
  <testcase name="t1loginToB2BUSA" time="6.127" classname="com.sap.hybris.selenium.test.B2BUSA1"/>
  <testcase name="t4aViewOrderHistory" time="7.640" classname="com.sap.hybris.selenium.test.B2BUSA1"/>
</testsuite> <!-- com.sap.hybris.selenium.test.B2BUSA1 -->
