<?xml version="1.0" encoding="UTF-8"?>
<!-- Generated by org.testng.reporters.JUnitReportReporter -->
<testsuite skipped="0" hostname="DENM00561076A" name="com.sap.selenium.hybris.test.Tut2Chrome" tests="1" failures="0" timestamp="25 Oct 2017 11:31:13 GMT" time="5.938" errors="0">
  <testcase name="loginToB2BUSA" time="5.938" classname="com.sap.selenium.hybris.test.Tut2Chrome"/>
</testsuite> <!-- com.sap.selenium.hybris.test.Tut2Chrome -->
