<?xml version="1.0" encoding="UTF-8"?>
<!-- Generated by org.testng.reporters.JUnitReportReporter -->
<testsuite skipped="0" hostname="DENM00561076A" name="com.sap.selenium.hybris.test.Tut2Firefox" tests="1" failures="0" timestamp="24 Oct 2017 17:24:54 GMT" time="0.005" errors="0">
  <testcase name="loginToCommerce" time="0.005" classname="com.sap.selenium.hybris.test.Tut2Firefox"/>
</testsuite> <!-- com.sap.selenium.hybris.test.Tut2Firefox -->
